<?xml version="1.0" encoding="UTF-8"?>
<!-- Generated by org.testng.reporters.JUnitReportReporter -->
<testsuite hostname="mohits-Mac-mini.local" failures="0" tests="4" name="tests.LoginTests" time="22.489" errors="0" timestamp="2025-10-01T19:21:46 IST" skipped="0">
  <testcase classname="tests.LoginTests" name="loginTest" time="5.824"/>
  <testcase classname="tests.LoginTests" name="loginTest" time="5.120"/>
  <testcase classname="tests.LoginTests" name="loginTest" time="6.703"/>
  <testcase classname="tests.LoginTests" name="loginTest" time="4.842"/>
</testsuite> <!-- tests.LoginTests -->
